Command line:
   KeyBufferControl_isim_beh.exe
     -simmode  gui
     -simrunnum  0
     -socket  50114

Thu Oct 11 22:25:06 2018


 Elaboration Time: 0.03125 sec

 Current Memory Usage: 5174.48 Meg

 Total Signals          : 9
 Total Nets             : 9
 Total Signal Drivers   : 5
 Total Blocks           : 2
 Total Primitive Blocks : 2
 Total Processes        : 5
 Total Traceable Variables  : 8
 Total Scalar Nets and Variables : 369
Total Line Count : 16

 Total Simulation Time: 0.21875 sec

 Current Memory Usage: 5017.19 Meg

Thu Oct 11 22:29:33 2018

