Command line:
   SerialReceiverCounter_isim_beh.exe
     -simmode  gui
     -simrunnum  0
     -socket  64584

Thu Oct 25 21:33:46 2018


 Elaboration Time: 0.046875 sec

 Current Memory Usage: 5173.97 Meg

 Total Signals          : 47
 Total Nets             : 31
 Total Signal Drivers   : 19
 Total Blocks           : 8
 Total Primitive Blocks : 6
 Total Processes        : 19
 Total Traceable Variables  : 8
 Total Scalar Nets and Variables : 391
Total Line Count : 21
Total Line Count : 21

 Total Simulation Time: 0.140625 sec

 Current Memory Usage: 5016.69 Meg

Thu Oct 25 21:36:01 2018

