Command line:
   KeyDecoder_tb_isim_beh.exe
     -simmode  gui
     -simrunnum  0
     -socket  50102

Thu Oct 11 22:02:59 2018


 Elaboration Time: 0.03125 sec

 Current Memory Usage: 5173.95 Meg

 Total Signals          : 93
 Total Nets             : 58
 Total Signal Drivers   : 33
 Total Blocks           : 15
 Total Primitive Blocks : 10
 Total Processes        : 31
 Total Traceable Variables  : 9
 Total Scalar Nets and Variables : 419
Total Line Count : 74

 Total Simulation Time: 0.234375 sec

 Current Memory Usage: 5173.95 Meg

Thu Oct 11 22:10:29 2018

